2019-12-15 00:02:10,285 INFO org.springframework.boot.StartupInfoLogger [main] Starting TelegramBotApplication on ishvatov with PID 13583 (/home/ishvatov/programming/git/java/TodoTelegramBot/target/classes started by ishvatov in /home/ishvatov/programming/git/java/TodoTelegramBot)
2019-12-15 00:02:10,289 DEBUG org.springframework.boot.StartupInfoLogger [main] Running with Spring Boot v2.2.1.RELEASE, Spring v5.2.1.RELEASE
2019-12-15 00:02:10,291 INFO org.springframework.boot.SpringApplication [main] No active profile set, falling back to default profiles: default
2019-12-15 00:02:10,903 INFO org.springframework.data.repository.config.RepositoryConfigurationDelegate [main] Bootstrapping Spring Data repositories in DEFAULT mode.
2019-12-15 00:02:10,936 INFO org.springframework.data.repository.config.RepositoryConfigurationDelegate [main] Finished Spring Data repository scanning in 28ms. Found 1 repository interfaces.
2019-12-15 00:02:11,084 INFO org.springframework.context.support.PostProcessorRegistrationDelegate$BeanPostProcessorChecker [main] Bean 'org.springframework.transaction.annotation.ProxyTransactionManagementConfiguration' of type [org.springframework.transaction.annotation.ProxyTransactionManagementConfiguration] is not eligible for getting processed by all BeanPostProcessors (for example: not eligible for auto-proxying)
2019-12-15 00:02:11,262 INFO org.springframework.boot.web.embedded.tomcat.TomcatWebServer [main] Tomcat initialized with port(s): 8080 (http)
2019-12-15 00:02:11,269 INFO org.apache.juli.logging.DirectJDKLog [main] Initializing ProtocolHandler ["http-nio-8080"]
2019-12-15 00:02:11,270 INFO org.apache.juli.logging.DirectJDKLog [main] Starting service [Tomcat]
2019-12-15 00:02:11,270 INFO org.apache.juli.logging.DirectJDKLog [main] Starting Servlet engine: [Apache Tomcat/9.0.27]
2019-12-15 00:02:11,367 INFO org.apache.juli.logging.DirectJDKLog [main] Initializing Spring embedded WebApplicationContext
2019-12-15 00:02:11,367 INFO org.springframework.boot.web.servlet.context.ServletWebServerApplicationContext [main] Root WebApplicationContext: initialization completed in 1003 ms
2019-12-15 00:02:11,483 INFO org.hibernate.jpa.internal.util.LogHelper [main] HHH000204: Processing PersistenceUnitInfo [name: default]
2019-12-15 00:02:11,508 INFO org.hibernate.Version [main] HHH000412: Hibernate Core {5.4.8.Final}
2019-12-15 00:02:11,554 INFO org.hibernate.annotations.common.reflection.java.JavaReflectionManager [main] HCANN000001: Hibernate Commons Annotations {5.1.0.Final}
2019-12-15 00:02:11,597 INFO com.zaxxer.hikari.HikariDataSource [main] HikariPool-1 - Starting...
2019-12-15 00:02:14,121 INFO com.zaxxer.hikari.HikariDataSource [main] HikariPool-1 - Start completed.
2019-12-15 00:02:14,133 INFO org.hibernate.dialect.Dialect [main] HHH000400: Using dialect: org.hibernate.dialect.PostgreSQL95Dialect
2019-12-15 00:02:47,820 INFO org.springframework.boot.StartupInfoLogger [main] Starting TelegramBotApplication on ishvatov with PID 13716 (/home/ishvatov/programming/git/java/TodoTelegramBot/target/classes started by ishvatov in /home/ishvatov/programming/git/java/TodoTelegramBot)
2019-12-15 00:02:47,822 DEBUG org.springframework.boot.StartupInfoLogger [main] Running with Spring Boot v2.2.1.RELEASE, Spring v5.2.1.RELEASE
2019-12-15 00:02:47,823 INFO org.springframework.boot.SpringApplication [main] No active profile set, falling back to default profiles: default
2019-12-15 00:02:48,395 INFO org.springframework.data.repository.config.RepositoryConfigurationDelegate [main] Bootstrapping Spring Data repositories in DEFAULT mode.
2019-12-15 00:02:48,425 INFO org.springframework.data.repository.config.RepositoryConfigurationDelegate [main] Finished Spring Data repository scanning in 27ms. Found 1 repository interfaces.
2019-12-15 00:02:48,568 INFO org.springframework.context.support.PostProcessorRegistrationDelegate$BeanPostProcessorChecker [main] Bean 'org.springframework.transaction.annotation.ProxyTransactionManagementConfiguration' of type [org.springframework.transaction.annotation.ProxyTransactionManagementConfiguration] is not eligible for getting processed by all BeanPostProcessors (for example: not eligible for auto-proxying)
2019-12-15 00:02:48,711 INFO org.springframework.boot.web.embedded.tomcat.TomcatWebServer [main] Tomcat initialized with port(s): 8080 (http)
2019-12-15 00:02:48,716 INFO org.apache.juli.logging.DirectJDKLog [main] Initializing ProtocolHandler ["http-nio-8080"]
2019-12-15 00:02:48,717 INFO org.apache.juli.logging.DirectJDKLog [main] Starting service [Tomcat]
2019-12-15 00:02:48,717 INFO org.apache.juli.logging.DirectJDKLog [main] Starting Servlet engine: [Apache Tomcat/9.0.27]
2019-12-15 00:02:48,783 INFO org.apache.juli.logging.DirectJDKLog [main] Initializing Spring embedded WebApplicationContext
2019-12-15 00:02:48,783 INFO org.springframework.boot.web.servlet.context.ServletWebServerApplicationContext [main] Root WebApplicationContext: initialization completed in 929 ms
2019-12-15 00:02:48,866 INFO org.hibernate.jpa.internal.util.LogHelper [main] HHH000204: Processing PersistenceUnitInfo [name: default]
2019-12-15 00:02:48,892 INFO org.hibernate.Version [main] HHH000412: Hibernate Core {5.4.8.Final}
2019-12-15 00:02:48,942 INFO org.hibernate.annotations.common.reflection.java.JavaReflectionManager [main] HCANN000001: Hibernate Commons Annotations {5.1.0.Final}
2019-12-15 00:02:48,990 INFO com.zaxxer.hikari.HikariDataSource [main] HikariPool-1 - Starting...
2019-12-15 00:02:50,969 INFO com.zaxxer.hikari.HikariDataSource [main] HikariPool-1 - Start completed.
2019-12-15 00:02:50,981 INFO org.hibernate.dialect.Dialect [main] HHH000400: Using dialect: org.hibernate.dialect.PostgreSQL95Dialect
2019-12-15 00:03:12,829 INFO org.hibernate.engine.transaction.jta.platform.internal.JtaPlatformInitiator [main] HHH000490: Using JtaPlatform implementation: [org.hibernate.engine.transaction.jta.platform.internal.NoJtaPlatform]
2019-12-15 00:03:12,845 INFO org.springframework.orm.jpa.AbstractEntityManagerFactoryBean [main] Initialized JPA EntityManagerFactory for persistence unit 'default'
2019-12-15 00:03:13,241 WARN org.springframework.boot.autoconfigure.orm.jpa.JpaBaseConfiguration$JpaWebConfiguration [main] spring.jpa.open-in-view is enabled by default. Therefore, database queries may be performed during view rendering. Explicitly configure spring.jpa.open-in-view to disable this warning
2019-12-15 00:03:13,306 INFO org.springframework.scheduling.concurrent.ExecutorConfigurationSupport [main] Initializing ExecutorService 'applicationTaskExecutor'
2019-12-15 00:03:14,071 INFO org.apache.juli.logging.DirectJDKLog [main] Starting ProtocolHandler ["http-nio-8080"]
2019-12-15 00:03:14,082 INFO org.springframework.boot.web.embedded.tomcat.TomcatWebServer [main] Tomcat started on port(s): 8080 (http) with context path ''
2019-12-15 00:03:14,085 INFO org.springframework.boot.StartupInfoLogger [main] Started TelegramBotApplication in 26.601 seconds (JVM running for 27.251)
2019-12-15 00:03:18,079 ERROR org.telegram.telegrambots.meta.logging.BotLogger [TheBestToDoBot Telegram Connection] BOTSESSION
org.telegram.telegrambots.meta.exceptions.TelegramApiRequestException: Error getting updates
	at org.telegram.telegrambots.meta.api.methods.updates.GetUpdates.deserializeResponse(GetUpdates.java:119)
	at org.telegram.telegrambots.updatesreceivers.DefaultBotSession$ReaderThread.getUpdatesFromServer(DefaultBotSession.java:257)
	at org.telegram.telegrambots.updatesreceivers.DefaultBotSession$ReaderThread.run(DefaultBotSession.java:186)
2019-12-15 00:03:22,227 ERROR org.telegram.telegrambots.meta.logging.BotLogger [TheBestToDoBot Telegram Connection] BOTSESSION
org.telegram.telegrambots.meta.exceptions.TelegramApiRequestException: Error getting updates
	at org.telegram.telegrambots.meta.api.methods.updates.GetUpdates.deserializeResponse(GetUpdates.java:119)
	at org.telegram.telegrambots.updatesreceivers.DefaultBotSession$ReaderThread.getUpdatesFromServer(DefaultBotSession.java:257)
	at org.telegram.telegrambots.updatesreceivers.DefaultBotSession$ReaderThread.run(DefaultBotSession.java:186)
2019-12-15 00:03:26,500 ERROR org.telegram.telegrambots.meta.logging.BotLogger [TheBestToDoBot Telegram Connection] BOTSESSION
org.telegram.telegrambots.meta.exceptions.TelegramApiRequestException: Error getting updates
	at org.telegram.telegrambots.meta.api.methods.updates.GetUpdates.deserializeResponse(GetUpdates.java:119)
	at org.telegram.telegrambots.updatesreceivers.DefaultBotSession$ReaderThread.getUpdatesFromServer(DefaultBotSession.java:257)
	at org.telegram.telegrambots.updatesreceivers.DefaultBotSession$ReaderThread.run(DefaultBotSession.java:186)
2019-12-15 00:03:30,648 ERROR org.telegram.telegrambots.meta.logging.BotLogger [TheBestToDoBot Telegram Connection] BOTSESSION
org.telegram.telegrambots.meta.exceptions.TelegramApiRequestException: Error getting updates
	at org.telegram.telegrambots.meta.api.methods.updates.GetUpdates.deserializeResponse(GetUpdates.java:119)
	at org.telegram.telegrambots.updatesreceivers.DefaultBotSession$ReaderThread.getUpdatesFromServer(DefaultBotSession.java:257)
	at org.telegram.telegrambots.updatesreceivers.DefaultBotSession$ReaderThread.run(DefaultBotSession.java:186)
2019-12-15 00:03:34,897 ERROR org.telegram.telegrambots.meta.logging.BotLogger [TheBestToDoBot Telegram Connection] BOTSESSION
org.telegram.telegrambots.meta.exceptions.TelegramApiRequestException: Error getting updates
	at org.telegram.telegrambots.meta.api.methods.updates.GetUpdates.deserializeResponse(GetUpdates.java:119)
	at org.telegram.telegrambots.updatesreceivers.DefaultBotSession$ReaderThread.getUpdatesFromServer(DefaultBotSession.java:257)
	at org.telegram.telegrambots.updatesreceivers.DefaultBotSession$ReaderThread.run(DefaultBotSession.java:186)
2019-12-15 00:03:39,096 ERROR org.telegram.telegrambots.meta.logging.BotLogger [TheBestToDoBot Telegram Connection] BOTSESSION
org.telegram.telegrambots.meta.exceptions.TelegramApiRequestException: Error getting updates
	at org.telegram.telegrambots.meta.api.methods.updates.GetUpdates.deserializeResponse(GetUpdates.java:119)
	at org.telegram.telegrambots.updatesreceivers.DefaultBotSession$ReaderThread.getUpdatesFromServer(DefaultBotSession.java:257)
	at org.telegram.telegrambots.updatesreceivers.DefaultBotSession$ReaderThread.run(DefaultBotSession.java:186)
2019-12-15 00:03:43,294 ERROR org.telegram.telegrambots.meta.logging.BotLogger [TheBestToDoBot Telegram Connection] BOTSESSION
org.telegram.telegrambots.meta.exceptions.TelegramApiRequestException: Error getting updates
	at org.telegram.telegrambots.meta.api.methods.updates.GetUpdates.deserializeResponse(GetUpdates.java:119)
	at org.telegram.telegrambots.updatesreceivers.DefaultBotSession$ReaderThread.getUpdatesFromServer(DefaultBotSession.java:257)
	at org.telegram.telegrambots.updatesreceivers.DefaultBotSession$ReaderThread.run(DefaultBotSession.java:186)
2019-12-15 00:03:47,446 ERROR org.telegram.telegrambots.meta.logging.BotLogger [TheBestToDoBot Telegram Connection] BOTSESSION
org.telegram.telegrambots.meta.exceptions.TelegramApiRequestException: Error getting updates
	at org.telegram.telegrambots.meta.api.methods.updates.GetUpdates.deserializeResponse(GetUpdates.java:119)
	at org.telegram.telegrambots.updatesreceivers.DefaultBotSession$ReaderThread.getUpdatesFromServer(DefaultBotSession.java:257)
	at org.telegram.telegrambots.updatesreceivers.DefaultBotSession$ReaderThread.run(DefaultBotSession.java:186)
2019-12-15 00:03:51,596 ERROR org.telegram.telegrambots.meta.logging.BotLogger [TheBestToDoBot Telegram Connection] BOTSESSION
org.telegram.telegrambots.meta.exceptions.TelegramApiRequestException: Error getting updates
	at org.telegram.telegrambots.meta.api.methods.updates.GetUpdates.deserializeResponse(GetUpdates.java:119)
	at org.telegram.telegrambots.updatesreceivers.DefaultBotSession$ReaderThread.getUpdatesFromServer(DefaultBotSession.java:257)
	at org.telegram.telegrambots.updatesreceivers.DefaultBotSession$ReaderThread.run(DefaultBotSession.java:186)
2019-12-15 00:03:55,748 ERROR org.telegram.telegrambots.meta.logging.BotLogger [TheBestToDoBot Telegram Connection] BOTSESSION
org.telegram.telegrambots.meta.exceptions.TelegramApiRequestException: Error getting updates
	at org.telegram.telegrambots.meta.api.methods.updates.GetUpdates.deserializeResponse(GetUpdates.java:119)
	at org.telegram.telegrambots.updatesreceivers.DefaultBotSession$ReaderThread.getUpdatesFromServer(DefaultBotSession.java:257)
	at org.telegram.telegrambots.updatesreceivers.DefaultBotSession$ReaderThread.run(DefaultBotSession.java:186)
2019-12-15 00:04:00,195 ERROR org.telegram.telegrambots.meta.logging.BotLogger [TheBestToDoBot Telegram Connection] BOTSESSION
org.telegram.telegrambots.meta.exceptions.TelegramApiRequestException: Error getting updates
	at org.telegram.telegrambots.meta.api.methods.updates.GetUpdates.deserializeResponse(GetUpdates.java:119)
	at org.telegram.telegrambots.updatesreceivers.DefaultBotSession$ReaderThread.getUpdatesFromServer(DefaultBotSession.java:257)
	at org.telegram.telegrambots.updatesreceivers.DefaultBotSession$ReaderThread.run(DefaultBotSession.java:186)
2019-12-15 00:04:04,337 ERROR org.telegram.telegrambots.meta.logging.BotLogger [TheBestToDoBot Telegram Connection] BOTSESSION
org.telegram.telegrambots.meta.exceptions.TelegramApiRequestException: Error getting updates
	at org.telegram.telegrambots.meta.api.methods.updates.GetUpdates.deserializeResponse(GetUpdates.java:119)
	at org.telegram.telegrambots.updatesreceivers.DefaultBotSession$ReaderThread.getUpdatesFromServer(DefaultBotSession.java:257)
	at org.telegram.telegrambots.updatesreceivers.DefaultBotSession$ReaderThread.run(DefaultBotSession.java:186)
2019-12-15 00:04:07,497 INFO org.springframework.scheduling.concurrent.ExecutorConfigurationSupport [SpringContextShutdownHook] Shutting down ExecutorService 'applicationTaskExecutor'
2019-12-15 00:04:07,498 INFO org.springframework.orm.jpa.AbstractEntityManagerFactoryBean [SpringContextShutdownHook] Closing JPA EntityManagerFactory for persistence unit 'default'
2019-12-15 00:04:07,501 INFO com.zaxxer.hikari.HikariDataSource [SpringContextShutdownHook] HikariPool-1 - Shutdown initiated...
2019-12-15 00:04:13,690 INFO com.zaxxer.hikari.HikariDataSource [SpringContextShutdownHook] HikariPool-1 - Shutdown completed.
